other/G2BEE/app/proguard-rules.pro
-optimizationpasses 5
-dontusemixedcaseclassnames
-dontskipnonpubliclibraryclasses
-dontpreverify
-verbose
-optimizations !code/simplification/arithmetic,!field/*,!class/merging/*

-dontwarn com.digi.xbee.api.connection.serial.SerialPortRxTx*
-dontnote com.digi.xbee.api.connection.serial.SerialPortRxTx*

-keep public class * extends android.app.Activity
-keep public class * extends android.app.Application
-keep public class * extends android.app.Service
-keep public class * extends android.content.BroadcastReceiver
-keep public class * extends android.content.ContentProvider
-keep public class * extends android.app.backup.BackupAgentHelper
-keep public class * extends android.preference.Preference
-keep public class * extends android.preference.PreferenceFragment
-keep public class * extends android.support.v4.app.Fragment

-keepattributes *Annotation*,EnclosingMethod
-keepattributes Signature, *Annotation*

-keep public class com.hoho.android.usbserial.** {
    *;
}

-keepclasseswithmembernames class * {
    native <methods>;
}

-keepclasseswithmembers class * {
    public <init>(android.content.Context, android.util.AttributeSet);
}

-keepclasseswithmembers class * {
    public <init>(android.content.Context, android.util.AttributeSet, int);
}

-keepclassmembers class * extends android.app.Activity {
   public void *(android.view.View);
}

-keepclassmembers enum * {
    public static **[] values();
    public static ** valueOf(java.lang.String);
}

-keep class * implements android.os.Parcelable {
  public static final android.os.Parcelable$Creator *;
}

# adding this in to preserve line numbers so that the stack traces
# can be remapped
-renamesourcefileattribute SourceFile
-keepattributes SourceFile,LineNumberTable