other/G2BEE/app/build/outputs/mapping/release/seeds.txt
com.g2mobility.xbee.G2BeeActivity
com.g2mobility.xbee.G2BeeActivity: G2BeeActivity()
com.g2mobility.xbee.G2BeeReceiver
com.g2mobility.xbee.G2BeeReceiver: G2BeeReceiver()
com.g2mobility.xbee.G2BeeService
com.g2mobility.xbee.G2BeeService: G2BeeService()
com.g2mobility.xbee.R$anim: int abc_fade_in
com.g2mobility.xbee.R$anim: int abc_fade_out
com.g2mobility.xbee.R$anim: int abc_grow_fade_in_from_bottom
com.g2mobility.xbee.R$anim: int abc_popup_enter
com.g2mobility.xbee.R$anim: int abc_popup_exit
com.g2mobility.xbee.R$anim: int abc_shrink_fade_out_from_bottom
com.g2mobility.xbee.R$anim: int abc_slide_in_bottom
com.g2mobility.xbee.R$anim: int abc_slide_in_top
com.g2mobility.xbee.R$anim: int abc_slide_out_bottom
com.g2mobility.xbee.R$anim: int abc_slide_out_top
com.g2mobility.xbee.R$anim: int card_elevation
com.g2mobility.xbee.R$anim: int decelerate_cubic
com.g2mobility.xbee.R$anim: int design_bottom_sheet_slide_in
com.g2mobility.xbee.R$anim: int design_bottom_sheet_slide_out
com.g2mobility.xbee.R$anim: int design_fab_in
com.g2mobility.xbee.R$anim: int design_fab_out
com.g2mobility.xbee.R$anim: int design_snackbar_in
com.g2mobility.xbee.R$anim: int design_snackbar_out
com.g2mobility.xbee.R$anim: int expand_less
com.g2mobility.xbee.R$anim: int expand_more
com.g2mobility.xbee.R$anim: int fab_elevation
com.g2mobility.xbee.R$anim: int popup_enter
com.g2mobility.xbee.R$anim: int popup_exit
com.g2mobility.xbee.R$anim: int select_text
com.g2mobility.xbee.R$anim: int zoom_in
com.g2mobility.xbee.R$animator: int avatar_rotation_in
com.g2mobility.xbee.R$animator: int avatar_rotation_out
com.g2mobility.xbee.R$animator: int ic_selected_zoom
com.g2mobility.xbee.R$array: int baud_rate_entries
com.g2mobility.xbee.R$array: int baud_rate_entry_values
com.g2mobility.xbee.R$array: int data_bits_entries
com.g2mobility.xbee.R$array: int data_bits_entry_values
com.g2mobility.xbee.R$array: int parity_entries
com.g2mobility.xbee.R$array: int parity_entry_values
com.g2mobility.xbee.R$array: int stop_bits_entries
com.g2mobility.xbee.R$array: int stop_bits_entry_values
com.g2mobility.xbee.R$array: int xbee_addressing_command_names
com.g2mobility.xbee.R$array: int xbee_addressing_commands
com.g2mobility.xbee.R$array: int xbee_addressing_descriptions
com.g2mobility.xbee.R$array: int xbee_addressing_input_types
com.g2mobility.xbee.R$array: int xbee_addressing_ranges
com.g2mobility.xbee.R$array: int xbee_diagnostics_command_names
com.g2mobility.xbee.R$array: int xbee_diagnostics_commands
com.g2mobility.xbee.R$array: int xbee_diagnostics_descriptions
com.g2mobility.xbee.R$array: int xbee_diagnostics_input_types
com.g2mobility.xbee.R$array: int xbee_diagnostics_ranges
com.g2mobility.xbee.R$array: int xbee_io_settings_command_names
com.g2mobility.xbee.R$array: int xbee_io_settings_commands
com.g2mobility.xbee.R$array: int xbee_io_settings_descriptions
com.g2mobility.xbee.R$array: int xbee_io_settings_input_types
com.g2mobility.xbee.R$array: int xbee_io_settings_ranges
com.g2mobility.xbee.R$array: int xbee_networking_command_names
com.g2mobility.xbee.R$array: int xbee_networking_commands
...
me.zhanghai.android.materialprogressbar.R$integer
me.zhanghai.android.materialprogressbar.R$integer: int abc_config_activityDefaultDur
me.zhanghai.android.materialprogressbar.R$integer: int abc_config_activityShortDur
me.zhanghai.android.materialprogressbar.R$integer: int abc_max_action_buttons
me.zhanghai.android.materialprogressbar.R$integer: int cancel_button_image_alpha
me.zhanghai.android.materialprogressbar.R$integer: int status_bar_notification_info_maxnum
me.zhanghai.android.materialprogressbar.R$integer: R$integer()
me.zhanghai.android.materialprogressbar.R$layout
me.zhanghai.android.materialprogressbar.R$layout: int abc_action_bar_title_item
me.zhanghai.android.materialprogressbar.R$layout: int abc_action_bar_up_container
me.zhanghai.android.materialprogressbar.R$layout: int abc_action_bar_view_list_nav_layout
me.zhanghai.android.materialprogressbar.R$layout: int abc_action_menu_item_layout
me.zhanghai.android.materialprogressbar.R$layout: int abc_action_menu_layout
me.zhanghai.android.materialprogressbar.R$layout: int abc_action_mode_bar
me.zhanghai.android.materialprogressbar.R$layout: int abc_action_mode_close_item_material
me.zhanghai.android.materialprogressbar.R$layout: int abc_activity_chooser_view
me.zhanghai.android.materialprogressbar.R$layout: int abc_activity_chooser_view_list_item
me.zhanghai.android.materialprogressbar.R$layout: int abc_alert_dialog_button_bar_material
me.zhanghai.android.materialprogressbar.R$layout: int abc_alert_dialog_material
me.zhanghai.android.materialprogressbar.R$layout: int abc_dialog_title_material
me.zhanghai.android.materialprogressbar.R$layout: int abc_expanded_menu_layout
me.zhanghai.android.materialprogressbar.R$layout: int abc_list_menu_item_checkbox
me.zhanghai.android.materialprogressbar.R$layout: int abc_list_menu_item_icon
me.zhanghai.android.materialprogressbar.R$layout: int abc_list_menu_item_layout
me.zhanghai.android.materialprogressbar.R$layout: int abc_list_menu_item_radio
me.zhanghai.android.materialprogressbar.R$string
me.zhanghai.android.materialprogressbar.R$string: int abc_action_bar_home_description
me.zhanghai.android.materialprogressbar.R$string: int abc_action_bar_home_description_format
me.zhanghai.android.materialprogressbar.R$string: int abc_action_bar_home_subtitle_description_format
me.zhanghai.android.materialprogressbar.R$string: int abc_action_bar_up_description
me.zhanghai.android.materialprogressbar.R$string: int abc_action_menu_overflow_description
me.zhanghai.android.materialprogressbar.R$string: int abc_action_mode_done
me.zhanghai.android.materialprogressbar.R$string: int abc_activity_chooser_view_see_all
me.zhanghai.android.materialprogressbar.R$string: int abc_activitychooserview_choose_application
me.zhanghai.android.materialprogressbar.R$string: int abc_capital_off
me.zhanghai.android.materialprogressbar.R$string: int abc_capital_on
me.zhanghai.android.materialprogressbar.R$string: int abc_search_hint
me.zhanghai.android.materialprogressbar.R$string: int abc_searchview_description_clear
me.zhanghai.android.materialprogressbar.R$string: int abc_searchview_description_query
me.zhanghai.android.materialprogressbar.R$string: int abc_searchview_description_search
me.zhanghai.android.materialprogressbar.R$string: int abc_searchview_description_submit
me.zhanghai.android.materialprogressbar.R$string: int abc_searchview_description_voice
me.zhanghai.android.materialprogressbar.R$string: int abc_shareactionprovider_share_with