other/G2BEE/app/build/outputs/mapping/release/mapping.txt
com.g2mobility.xbee.G2BeeActivity -> com.g2mobility.xbee.G2BeeActivity:
    java.util.Map mRadioConfigurations -> l
    android.os.Handler mDrawerActionHandler -> m
    android.support.v4.widget.DrawerLayout mDrawerLayout -> n
    android.support.v7.app.ActionBarDrawerToggle mDrawerToggle -> o
    int mItemId -> p
    com.g2mobility.xbee.api.G2Bee mG2Bee -> q
    com.g2mobility.xbee.api.listeners.IG2BeeDataReceiveListener mListener -> r
    java.util.concurrent.ExecutorService mPool -> s
    boolean mIsShowingDialog -> t
    77:114:void <init>() -> <init>
    118:162:void onCreate(android.os.Bundle) -> onCreate
    166:171:void onSaveInstanceState(android.os.Bundle) -> onSaveInstanceState
    175:176:void onDestroy() -> onDestroy
    180:189:boolean onNavigationItemSelected(android.view.MenuItem) -> a
    193:294:void navigate(int) -> a
    298:301:boolean onOptionsItemSelected(android.view.MenuItem) -> onOptionsItemSelected
    323:323:com.g2mobility.xbee.recycler.RadioConfiguration getRadioConfiguration(java.lang.String) -> a
    331:458:void readRadioConfigurations() -> j
    466:503:void writeValue(com.g2mobility.xbee.recycler.RadioConfiguration) -> a
    512:529:void updateRadioConfigurationFragments() -> o
    536:629:void softwareReset() -> k
    636:729:void restoreDefaults() -> l
    732:788:void animateToggleToBackArrow(android.view.View$OnClickListener) -> a
    792:796:void sendMessage(java.lang.String,byte[]) -> a
com.g2mobility.xbee.G2BeeActivity$1 -> com.g2mobility.xbee.G2BeeActivity$1:
    com.g2mobility.xbee.G2BeeActivity this$0 -> a
    100:100:void <init>(com.g2mobility.xbee.G2BeeActivity) -> <init>
    103:109:void dataReceived(com.g2mobility.xbee.api.models.G2BeeMessage) -> a
com.g2mobility.xbee.G2BeeActivity$1$1 -> com.g2mobility.xbee.G2BeeActivity$1$1:
    com.g2mobility.xbee.api.models.G2BeeMessage val$message -> a
    com.g2mobility.xbee.G2BeeActivity$1 this$1 -> b
    103:103:void <init>(com.g2mobility.xbee.G2BeeActivity$1,com.g2mobility.xbee.api.models.G2BeeMessage) -> <init>
    106:107:void run() -> run
com.g2mobility.xbee.G2BeeActivity$10 -> com.g2mobility.xbee.G2BeeActivity$2:
    com.afollestad.materialdialogs.MaterialDialog val$progressDialog -> a
    android.os.AsyncTask val$task -> b
    com.g2mobility.xbee.G2BeeActivity this$0 -> c
    599:599:void <init>(com.g2mobility.xbee.G2BeeActivity,com.afollestad.materialdialogs.MaterialDialog,android.os.AsyncTask) -> <init>
    603:606:void onClick(com.afollestad.materialdialogs.MaterialDialog,com.afollestad.materialdialogs.DialogAction) -> a
com.g2mobility.xbee.G2BeeActivity$11 -> com.g2mobility.xbee.G2BeeActivity$3:
    com.afollestad.materialdialogs.MaterialDialog val$progressDialog -> a
    com.g2mobility.xbee.G2BeeActivity this$0 -> b
    649:649:void <init>(com.g2mobility.xbee.G2BeeActivity,com.afollestad.materialdialogs.MaterialDialog) -> <init>
    652:672:java.lang.Boolean doInBackground(java.lang.Void[]) -> a
    677:693:void onPostExecute(java.lang.Boolean) -> a
    649:649:void onPostExecute(java.lang.Object) -> onPostExecute
    649:649:java.lang.Object doInBackground(java.lang.Object[]) -> doInBackground
com.g2mobility.xbee.G2BeeActivity$11$1 -> com.g2mobility.xbee.G2BeeActivity$3$1:
    com.g2mobility.xbee.G2BeeActivity$11 this$1 -> a
    684:684:void <init>(com.g2mobility.xbee.G2BeeActivity$11) -> <init>
    688:690:void onDismiss(android.content.DialogInterface) -> onDismiss
com.g2mobility.xbee.G2BeeActivity$12 -> com.g2mobility.xbee.G2BeeActivity$4:
    com.g2mobility.xbee.G2BeeActivity this$0 -> a
    720:720:void <init>(com.g2mobility.xbee.G2BeeActivity) -> <init>
    724:726:void onCancel(android.content.DialogInterface) -> onCancel
...
android.support.v4.widget.SwipeRefreshLayout$3 -> android.support.v4.widget.SwipeRefreshLayout$3:
    android.support.v4.widget.SwipeRefreshLayout this$0 -> a
    441:441:void <init>(android.support.v4.widget.SwipeRefreshLayout) -> <init>
    444:445:void applyTransformation(float,android.view.animation.Transformation) -> applyTransformation
android.support.v4.widget.SwipeRefreshLayout$4 -> android.support.v4.widget.SwipeRefreshLayout$4:
    int val$startingAlpha -> a
    int val$endingAlpha -> b
    android.support.v4.widget.SwipeRefreshLayout this$0 -> c
    467:467:void <init>(android.support.v4.widget.SwipeRefreshLayout,int,int) -> <init>
    470:473:void applyTransformation(float,android.view.animation.Transformation) -> applyTransformation
android.support.v4.widget.SwipeRefreshLayout$5 -> android.support.v4.widget.SwipeRefreshLayout$5:
    android.support.v4.widget.SwipeRefreshLayout this$0 -> a
    954:954:void <init>(android.support.v4.widget.SwipeRefreshLayout) -> <init>
    958:958:void onAnimationStart(android.view.animation.Animation) -> onAnimationStart
    962:965:void onAnimationEnd(android.view.animation.Animation) -> onAnimationEnd
    969:969:void onAnimationRepeat(android.view.animation.Animation) -> onAnimationRepeat
android.support.v4.widget.SwipeRefreshLayout$6 -> android.support.v4.widget.SwipeRefreshLayout$6:
    android.support.v4.widget.SwipeRefreshLayout this$0 -> a
    1080:1080:void <init>(android.support.v4.widget.SwipeRefreshLayout) -> <init>
    1083:1094:void applyTransformation(float,android.view.animation.Transformation) -> applyTransformation
android.support.v4.widget.SwipeRefreshLayout$7 -> android.support.v4.widget.SwipeRefreshLayout$7:
    android.support.v4.widget.SwipeRefreshLayout this$0 -> a
    1104:1104:void <init>(android.support.v4.widget.SwipeRefreshLayout) -> <init>
    1107:1108:void applyTransformation(float,android.view.animation.Transformation) -> applyTransformation
android.support.v4.widget.SwipeRefreshLayout$8 -> android.support.v4.widget.SwipeRefreshLayout$8:
    android.support.v4.widget.SwipeRefreshLayout this$0 -> a
    1119:1119:void <init>(android.support.v4.widget.SwipeRefreshLayout) -> <init>
    1122:1125:void applyTransformation(float,android.view.animation.Transformation) -> applyTransformation
android.support.v4.widget.SwipeRefreshLayout$OnRefreshListener -> android.support.v4.widget.bs:
    void onRefresh() -> a
android.support.v4.widget.TextViewCompat -> android.support.v4.widget.bt:
    android.support.v4.widget.TextViewCompat$TextViewCompatImpl IMPL -> a
    195:196:void setCompoundDrawablesRelative(android.widget.TextView,android.graphics.drawable.Drawable,android.graphics.drawable.Drawable,android.graphics.drawable.Drawable,android.graphics.drawable.Drawable) -> a
    247:247:int getMaxLines(android.widget.TextView) -> a
    163:175:void <clinit>() -> <clinit>
android.support.v4.widget.TextViewCompat$Api23TextViewCompatImpl -> android.support.v4.widget.bu:
    153:153:void <init>() -> <init>
android.support.v4.widget.TextViewCompat$BaseTextViewCompatImpl -> android.support.v4.widget.bv:
    52:52:void <init>() -> <init>
    57:58:void setCompoundDrawablesRelative(android.widget.TextView,android.graphics.drawable.Drawable,android.graphics.drawable.Drawable,android.graphics.drawable.Drawable,android.graphics.drawable.Drawable) -> a
    76:76:int getMaxLines(android.widget.TextView) -> a
android.support.v4.widget.TextViewCompat$JbMr1TextViewCompatImpl -> android.support.v4.widget.bw:
    102:102:void <init>() -> <init>
    107:108:void setCompoundDrawablesRelative(android.widget.TextView,android.graphics.drawable.Drawable,android.graphics.drawable.Drawable,android.graphics.drawable.Drawable,android.graphics.drawable.Drawable) -> a